%!Adobe-FontList 1.23
%Locale:0x409

%BeginFont
Handler:DirectoryHandler
FontType:Invalid
OutlineFileName:/Users/margheritapaleari/Dropbox/287_JOINTLY/2022/61_CLIENTI_Leonardo/__Leonardo Share/2022/Campagna Welfare/Overview Campagna/_file aperti/LEONARDO_WELFARE_Campagna_11 Folder/Document fonts/AdobeFnt23.lst
FileLength:4820
FileModTime:729073437
%EndFont

%BeginFont
Handler:DirectoryHandler
FontType:TrueType
FontName:OpenSans-Bold
FamilyName:Open Sans
StyleName:Bold
MenuName:Open Sans
StyleBits:2
WeightClass:700
WidthClass:5
AngleClass:0
FullName:Open Sans Bold
WritingScript:Roman
OutlineFileName:/Users/margheritapaleari/Dropbox/287_JOINTLY/2022/61_CLIENTI_Leonardo/__Leonardo Share/2022/Campagna Welfare/Overview Campagna/_file aperti/LEONARDO_WELFARE_Campagna_11 Folder/Document fonts/OpenSans-Bold.ttf
DataFormat:sfntData
hasSVG:no
hasCOLR:no
VariableFontType:NonVariableFont
FileLength:104120
FileModTime:318290400
NameArray:0,Win,1,Open Sans
%EndFont

%BeginFont
Handler:DirectoryHandler
FontType:TrueType
FontName:OpenSans-BoldItalic
FamilyName:Open Sans
StyleName:Bold Italic
MenuName:Open Sans
StyleBits:3
WeightClass:700
WidthClass:5
AngleClass:1
FullName:Open Sans Bold Italic
WritingScript:Roman
OutlineFileName:/Users/margheritapaleari/Dropbox/287_JOINTLY/2022/61_CLIENTI_Leonardo/__Leonardo Share/2022/Campagna Welfare/Overview Campagna/_file aperti/LEONARDO_WELFARE_Campagna_11 Folder/Document fonts/OpenSans-BoldItalic.ttf
DataFormat:sfntData
hasSVG:no
hasCOLR:no
VariableFontType:NonVariableFont
FileLength:92628
FileModTime:318290400
NameArray:0,Win,1,Open Sans
%EndFont

%BeginFont
Handler:DirectoryHandler
FontType:TrueType
FontName:PublicSans-Bold
FamilyName:Public Sans
StyleName:Bold
MenuName:Public Sans
StyleBits:2
WeightClass:700
WidthClass:5
AngleClass:0
FullName:Public Sans Bold
WritingScript:Roman
OutlineFileName:/Users/margheritapaleari/Dropbox/287_JOINTLY/2022/61_CLIENTI_Leonardo/__Leonardo Share/2022/Campagna Welfare/Overview Campagna/_file aperti/LEONARDO_WELFARE_Campagna_11 Folder/Document fonts/PublicSans-Bold.ttf
DataFormat:sfntData
hasSVG:no
hasCOLR:no
VariableFontType:NonVariableFont
FileLength:56580
FileModTime:581551200
NameArray:0,Win,1,Public Sans
%EndFont

%BeginFont
Handler:DirectoryHandler
FontType:TrueType
FontName:PublicSans-Light
FamilyName:Public Sans
StyleName:Light
MenuName:Public Sans Light
StyleBits:0
WeightClass:300
WidthClass:5
AngleClass:0
FullName:Public Sans Light
WritingScript:Roman
OutlineFileName:/Users/margheritapaleari/Dropbox/287_JOINTLY/2022/61_CLIENTI_Leonardo/__Leonardo Share/2022/Campagna Welfare/Overview Campagna/_file aperti/LEONARDO_WELFARE_Campagna_11 Folder/Document fonts/PublicSans-Light.ttf
DataFormat:sfntData
hasSVG:no
hasCOLR:no
VariableFontType:NonVariableFont
FileLength:56452
FileModTime:581551200
NameArray:0,Win,1,Public Sans Light
NameArray:0,Win,16,Public Sans
%EndFont

%BeginFont
Handler:DirectoryHandler
FontType:TrueType
FontName:RobotoCondensed-Regular
FamilyName:Roboto Condensed
StyleName:Regular
MenuName:Roboto Condensed
StyleBits:0
WeightClass:400
WidthClass:5
AngleClass:0
FullName:Roboto Condensed
WritingScript:Roman
OutlineFileName:/Users/margheritapaleari/Dropbox/287_JOINTLY/2022/61_CLIENTI_Leonardo/__Leonardo Share/2022/Campagna Welfare/Overview Campagna/_file aperti/LEONARDO_WELFARE_Campagna_11 Folder/Document fonts/RobotoCondensed-Regular.ttf
DataFormat:sfntData
hasSVG:no
hasCOLR:no
VariableFontType:NonVariableFont
FileLength:161524
FileModTime:448080128
NameArray:0,Win,1,Roboto Condensed
%EndFont

%BeginFont
Handler:DirectoryHandler
FontType:Type1
FontName:TekneLDO-Bold
FamilyName:Tekne LDO
StyleName:Bold
MenuName:Tekne LDO
StyleBits:2
WeightClass:700
WidthClass:5
AngleClass:0
FullName:Tekne LDO Bold
WritingScript:Roman
OutlineFileName:/Users/margheritapaleari/Dropbox/287_JOINTLY/2022/61_CLIENTI_Leonardo/__Leonardo Share/2022/Campagna Welfare/Overview Campagna/_file aperti/LEONARDO_WELFARE_Campagna_11 Folder/Document fonts/TekneLDO-Bold.otf
DataFormat:sfntData
UsesStandardEncoding:yes
isCFF:yes
hasSVG:no
hasCOLR:no
VariableFontType:NonVariableFont
FileLength:153544
FileModTime:654878990
NameArray:0,Mac,4,Tekne LDO Bold
NameArray:0,Win,1,Tekne LDO
%EndFont

%BeginFont
Handler:DirectoryHandler
FontType:Type1
FontName:TekneLDO-Medium
FamilyName:Tekne LDO
StyleName:Medium
MenuName:Tekne LDO Medium
StyleBits:0
WeightClass:500
WidthClass:5
AngleClass:0
FullName:Tekne LDO Medium
WritingScript:Roman
OutlineFileName:/Users/margheritapaleari/Dropbox/287_JOINTLY/2022/61_CLIENTI_Leonardo/__Leonardo Share/2022/Campagna Welfare/Overview Campagna/_file aperti/LEONARDO_WELFARE_Campagna_11 Folder/Document fonts/TekneLDO-Medium.otf
DataFormat:sfntData
UsesStandardEncoding:yes
isCFF:yes
hasSVG:no
hasCOLR:no
VariableFontType:NonVariableFont
FileLength:151452
FileModTime:654878990
NameArray:0,Mac,4,Tekne LDO Medium
NameArray:0,Win,1,Tekne LDO Medium
NameArray:0,Win,16,Tekne LDO
%EndFont

